<?xml version="1.0" encoding="UTF-8"?>
<!-- Generated by org.testng.reporters.JUnitXMLReporter -->
<testsuite ignored="0" hostname="LTIN521911" failures="0" tests="5" name="Test" time="28.928" errors="0" timestamp="2025-01-16T09:38:27 IST">
  <testcase classname="MiniProj.FlipkartM" name="test_enteringSearchValue" time="6.034"/>
  <testcase classname="MiniProj.FlipkartM" name="test_cartForFirstItem" time="5.214"/>
  <testcase classname="MiniProj.FlipkartM" name="test_cartForSecondItem" time="6.507"/>
  <testcase classname="MiniProj.FlipkartM" name="test_totalPrice" time="0.054"/>
  <testcase classname="MiniProj.FlipkartM" name="validation" time="0.004"/>
</testsuite> <!-- Test -->
